2020-12-07 00:04:13.966  INFO 12068 --- [restartedMain] o.s.s.web.DefaultSecurityFilterChain     : Creating filter chain: any request, [org.springframework.security.web.context.request.async.WebAsyncManagerIntegrationFilter@2f335ab, org.springframework.security.web.context.SecurityContextPersistenceFilter@10c4c112, org.springframework.security.web.header.HeaderWriterFilter@3319e95b, org.springframework.security.web.authentication.logout.LogoutFilter@fb2eeb3, org.springframework.security.web.authentication.UsernamePasswordAuthenticationFilter@2f253fd0, org.springframework.security.web.savedrequest.RequestCacheAwareFilter@6f5516ee, org.springframework.security.web.servletapi.SecurityContextHolderAwareRequestFilter@1efb0ee5, org.springframework.security.web.authentication.AnonymousAuthenticationFilter@2396c458, org.springframework.security.web.session.SessionManagementFilter@28c4dcc5, org.springframework.security.web.access.ExceptionTranslationFilter@73645c02, org.springframework.security.web.access.intercept.FilterSecurityInterceptor@7285283a]
2020-12-07 00:04:14.148  INFO 12068 --- [restartedMain] o.s.s.concurrent.ThreadPoolTaskExecutor  : Initializing ExecutorService 'applicationTaskExecutor'
2020-12-07 00:04:14.163 DEBUG 12068 --- [restartedMain] s.w.s.m.m.a.RequestMappingHandlerAdapter : ControllerAdvice beans: 0 @ModelAttribute, 0 @InitBinder, 1 RequestBodyAdvice, 1 ResponseBodyAdvice
2020-12-07 00:04:14.262 DEBUG 12068 --- [restartedMain] s.w.s.m.m.a.RequestMappingHandlerMapping : 7 mappings in 'requestMappingHandlerMapping'
2020-12-07 00:04:14.272  INFO 12068 --- [restartedMain] o.s.b.a.w.s.WelcomePageHandlerMapping    : Adding welcome page: class path resource [templates/index.html]
2020-12-07 00:04:14.303 DEBUG 12068 --- [restartedMain] o.s.w.s.handler.SimpleUrlHandlerMapping  : Patterns [/webjars/**, /**] in 'resourceHandlerMapping'
2020-12-07 00:04:14.321 DEBUG 12068 --- [restartedMain] .m.m.a.ExceptionHandlerExceptionResolver : ControllerAdvice beans: 0 @ExceptionHandler, 1 ResponseBodyAdvice
2020-12-07 00:04:14.487  INFO 12068 --- [restartedMain] o.s.b.d.a.OptionalLiveReloadServer       : LiveReload server is running on port 35729
2020-12-07 00:04:14.553  INFO 12068 --- [restartedMain] o.s.b.w.embedded.tomcat.TomcatWebServer  : Tomcat started on port(s): 8081 (http) with context path ''
2020-12-07 00:04:14.568  INFO 12068 --- [restartedMain] com.infinity.amigo.Demo1Application      : Started Demo1Application in 396.874 seconds (JVM running for 398.626)
2020-12-07 00:07:30.796  INFO 12068 --- [http-nio-8081-exec-3] o.a.c.c.C.[Tomcat].[localhost].[/]       : Initializing Spring DispatcherServlet 'dispatcherServlet'
2020-12-07 00:07:30.798  INFO 12068 --- [http-nio-8081-exec-3] o.s.web.servlet.DispatcherServlet        : Initializing Servlet 'dispatcherServlet'
2020-12-07 00:07:30.799 DEBUG 12068 --- [http-nio-8081-exec-3] o.s.web.servlet.DispatcherServlet        : Detected StandardServletMultipartResolver
2020-12-07 00:07:30.816 DEBUG 12068 --- [http-nio-8081-exec-3] o.s.web.servlet.DispatcherServlet        : enableLoggingRequestDetails='false': request parameters and headers will be masked to prevent unsafe logging of potentially sensitive data
2020-12-07 00:07:30.816  INFO 12068 --- [http-nio-8081-exec-3] o.s.web.servlet.DispatcherServlet        : Completed initialization in 18 ms
2020-12-07 00:07:31.035 DEBUG 12068 --- [http-nio-8081-exec-5] o.s.web.servlet.DispatcherServlet        : GET "/login", parameters={}
2020-12-07 00:07:31.047 DEBUG 12068 --- [http-nio-8081-exec-5] o.s.w.s.handler.SimpleUrlHandlerMapping  : Mapped to ResourceHttpRequestHandler ["classpath:/templates/", "classpath:/META-INF/resources/", "classpath:/resources/", "classpath:/static/", "classpath:/public/", "/"]
2020-12-07 00:07:31.056 DEBUG 12068 --- [http-nio-8081-exec-5] o.s.w.s.r.ResourceHttpRequestHandler     : Resource not found
2020-12-07 00:07:31.057 DEBUG 12068 --- [http-nio-8081-exec-5] o.s.web.servlet.DispatcherServlet        : Completed 404 NOT_FOUND
2020-12-07 00:07:31.064 DEBUG 12068 --- [http-nio-8081-exec-5] o.s.web.servlet.DispatcherServlet        : "ERROR" dispatch for GET "/error", parameters={}
2020-12-07 00:07:31.070 DEBUG 12068 --- [http-nio-8081-exec-5] s.w.s.m.m.a.RequestMappingHandlerMapping : Mapped to org.springframework.boot.autoconfigure.web.servlet.error.BasicErrorController#errorHtml(HttpServletRequest, HttpServletResponse)
2020-12-07 00:07:31.138 DEBUG 12068 --- [http-nio-8081-exec-5] o.s.w.s.v.ContentNegotiatingViewResolver : Selected 'text/html' given [text/html, text/html;q=0.8]
2020-12-07 00:07:31.145 DEBUG 12068 --- [http-nio-8081-exec-5] o.s.web.servlet.DispatcherServlet        : Exiting from "ERROR" dispatch, status 404
2020-12-07 00:07:31.332 DEBUG 12068 --- [http-nio-8081-exec-7] o.s.web.servlet.DispatcherServlet        : GET "/login", parameters={}
2020-12-07 00:07:31.334 DEBUG 12068 --- [http-nio-8081-exec-7] o.s.w.s.handler.SimpleUrlHandlerMapping  : Mapped to ResourceHttpRequestHandler ["classpath:/templates/", "classpath:/META-INF/resources/", "classpath:/resources/", "classpath:/static/", "classpath:/public/", "/"]
2020-12-07 00:07:31.336 DEBUG 12068 --- [http-nio-8081-exec-7] o.s.w.s.r.ResourceHttpRequestHandler     : Resource not found
2020-12-07 00:07:31.336 DEBUG 12068 --- [http-nio-8081-exec-7] o.s.web.servlet.DispatcherServlet        : Completed 404 NOT_FOUND
2020-12-07 00:07:31.337 DEBUG 12068 --- [http-nio-8081-exec-7] o.s.web.servlet.DispatcherServlet        : "ERROR" dispatch for GET "/error", parameters={}
2020-12-07 00:07:31.338 DEBUG 12068 --- [http-nio-8081-exec-7] s.w.s.m.m.a.RequestMappingHandlerMapping : Mapped to org.springframework.boot.autoconfigure.web.servlet.error.BasicErrorController#error(HttpServletRequest)
2020-12-07 00:07:31.370 DEBUG 12068 --- [http-nio-8081-exec-7] o.s.w.s.m.m.a.HttpEntityMethodProcessor  : Using 'application/json;q=0.8', given [image/avif, image/webp, image/apng, image/*, */*;q=0.8] and supported [application/json, application/*+json, application/json, application/*+json]
2020-12-07 00:07:31.371 DEBUG 12068 --- [http-nio-8081-exec-7] o.s.w.s.m.m.a.HttpEntityMethodProcessor  : Writing [{timestamp=Mon Dec 07 00:07:31 WAT 2020, status=404, error=Not Found, message=No message available,  (truncated)...]
2020-12-07 00:07:31.428 DEBUG 12068 --- [http-nio-8081-exec-7] o.s.web.servlet.DispatcherServlet        : Exiting from "ERROR" dispatch, status 404
2020-12-07 20:59:02.010  INFO 12068 --- [RMI TCP Connection(669)-127.0.0.1] inMXBeanRegistrar$SpringApplicationAdmin : Application shutdown requested.
2020-12-07 20:59:03.056  INFO 12068 --- [RMI TCP Connection(669)-127.0.0.1] o.s.s.concurrent.ThreadPoolTaskExecutor  : Shutting down ExecutorService 'applicationTaskExecutor'
2020-12-07 21:59:02.076  INFO 16136 --- [restartedMain] com.infinity.amigo.Demo1Application      : Starting Demo1Application on EBKTECH-591 with PID 16136 (C:\Users\P0903\Documents\workspace-spring-tool-suite-4-4.8.1.RELEASE\amigo\target\classes started by P0903 in C:\Users\P0903\Documents\workspace-spring-tool-suite-4-4.8.1.RELEASE\amigo)
2020-12-07 21:59:02.080  INFO 16136 --- [restartedMain] com.infinity.amigo.Demo1Application      : No active profile set, falling back to default profiles: default
2020-12-07 21:59:02.187  INFO 16136 --- [restartedMain] .e.DevToolsPropertyDefaultsPostProcessor : Devtools property defaults active! Set 'spring.devtools.add-properties' to 'false' to disable
2020-12-07 21:59:03.759  INFO 16136 --- [restartedMain] o.s.b.w.embedded.tomcat.TomcatWebServer  : Tomcat initialized with port(s): 8081 (http)
2020-12-07 21:59:03.774  INFO 16136 --- [restartedMain] o.apache.catalina.core.StandardService   : Starting service [Tomcat]
2020-12-07 21:59:03.775  INFO 16136 --- [restartedMain] org.apache.catalina.core.StandardEngine  : Starting Servlet engine: [Apache Tomcat/9.0.39]
2020-12-07 21:59:03.950  INFO 16136 --- [restartedMain] o.a.c.c.C.[Tomcat].[localhost].[/]       : Initializing Spring embedded WebApplicationContext
2020-12-07 21:59:03.951  INFO 16136 --- [restartedMain] w.s.c.ServletWebServerApplicationContext : Root WebApplicationContext: initialization completed in 1763 ms
2020-12-07 21:59:03.992 DEBUG 16136 --- [restartedMain] o.s.b.w.s.ServletContextInitializerBeans : Mapping filters: springSecurityFilterChain urls=[/*] order=-100, characterEncodingFilter urls=[/*] order=-2147483648, formContentFilter urls=[/*] order=-9900, requestContextFilter urls=[/*] order=-105
2020-12-07 21:59:03.992 DEBUG 16136 --- [restartedMain] o.s.b.w.s.ServletContextInitializerBeans : Mapping servlets: dispatcherServlet urls=[/]
2020-12-07 22:07:02.247  INFO 16096 --- [restartedMain] com.infinity.amigo.Demo1Application      : Starting Demo1Application on EBKTECH-591 with PID 16096 (C:\Users\P0903\Documents\workspace-spring-tool-suite-4-4.8.1.RELEASE\amigo\target\classes started by P0903 in C:\Users\P0903\Documents\workspace-spring-tool-suite-4-4.8.1.RELEASE\amigo)
2020-12-07 22:07:02.309  INFO 16096 --- [restartedMain] com.infinity.amigo.Demo1Application      : No active profile set, falling back to default profiles: default
2020-12-07 22:07:02.545  INFO 16096 --- [restartedMain] .e.DevToolsPropertyDefaultsPostProcessor : Devtools property defaults active! Set 'spring.devtools.add-properties' to 'false' to disable
2020-12-07 22:07:04.768  INFO 16096 --- [restartedMain] o.s.b.w.embedded.tomcat.TomcatWebServer  : Tomcat initialized with port(s): 8081 (http)
2020-12-07 22:07:04.788  INFO 16096 --- [restartedMain] o.apache.catalina.core.StandardService   : Starting service [Tomcat]
2020-12-07 22:07:04.789  INFO 16096 --- [restartedMain] org.apache.catalina.core.StandardEngine  : Starting Servlet engine: [Apache Tomcat/9.0.39]
2020-12-07 22:07:04.960  INFO 16096 --- [restartedMain] o.a.c.c.C.[Tomcat].[localhost].[/]       : Initializing Spring embedded WebApplicationContext
2020-12-07 22:07:04.961  INFO 16096 --- [restartedMain] w.s.c.ServletWebServerApplicationContext : Root WebApplicationContext: initialization completed in 2415 ms
2020-12-07 22:07:04.996 DEBUG 16096 --- [restartedMain] o.s.b.w.s.ServletContextInitializerBeans : Mapping filters: springSecurityFilterChain urls=[/*] order=-100, characterEncodingFilter urls=[/*] order=-2147483648, formContentFilter urls=[/*] order=-9900, requestContextFilter urls=[/*] order=-105
2020-12-07 22:07:04.996 DEBUG 16096 --- [restartedMain] o.s.b.w.s.ServletContextInitializerBeans : Mapping servlets: dispatcherServlet urls=[/]
